[debug] [2021-12-02T20:19:53.950Z] ----------------------------------------------------------------------
[debug] [2021-12-02T20:19:53.952Z] Command:       D:\node.exe C:\Users\justi\AppData\Roaming\npm\node_modules\firebase-tools\lib\bin\firebase.js init
[debug] [2021-12-02T20:19:53.952Z] CLI Version:   9.23.0
[debug] [2021-12-02T20:19:53.952Z] Platform:      win32
[debug] [2021-12-02T20:19:53.952Z] Node Version:  v14.17.0
[debug] [2021-12-02T20:19:53.953Z] Time:          Thu Dec 02 2021 13:19:53 GMT-0700 (Mountain Standard Time)
[debug] [2021-12-02T20:19:53.953Z] ----------------------------------------------------------------------
[debug] 
[debug] [2021-12-02T20:19:53.961Z] > command requires scopes: ["email","openid","https://www.googleapis.com/auth/cloudplatformprojects.readonly","https://www.googleapis.com/auth/firebase","https://www.googleapis.com/auth/cloud-platform"]
[debug] [2021-12-02T20:19:53.961Z] > authorizing via signed-in user (justind7513@gmail.com)
[info] 
     ######## #### ########  ######## ########     ###     ######  ########
     ##        ##  ##     ## ##       ##     ##  ##   ##  ##       ##
     ######    ##  ########  ######   ########  #########  ######  ######
     ##        ##  ##    ##  ##       ##     ## ##     ##       ## ##
     ##       #### ##     ## ######## ########  ##     ##  ######  ########

You're about to initialize a Firebase project in this directory:

  C:\Users\justi\OneDrive\Desktop\espn-sports-app\client

[info] 
=== Project Setup
[info] 
[info] First, let's associate this project directory with a Firebase project.
[info] You can create multiple project aliases by running firebase use --add, 
[info] but for now we'll just set up a default project.
[info] 
[debug] [2021-12-02T20:20:18.262Z] >>> [apiv2][query] GET https://firebase.googleapis.com/v1beta1/projects pageSize=100
[debug] [2021-12-02T20:20:18.652Z] <<< [apiv2][status] GET https://firebase.googleapis.com/v1beta1/projects 200
[debug] [2021-12-02T20:20:18.653Z] <<< [apiv2][body] GET https://firebase.googleapis.com/v1beta1/projects [omitted]
[info] i  Using project auth-development-aa8c8 (Auth-Development) 
[info] 
=== Hosting:github Setup
[info] 
[info] i  Detected a .git folder at C:\Users\justi\OneDrive\Desktop\espn-sports-app 
[info] i  Authorizing with GitHub to upload your service account to a GitHub repository's secrets store. 
[info] 
[info] Visit this URL on this device to log in:
[info] https://github.com/login/oauth/authorize?client_id=89cf50f02ac6aaed3484&state=141681471&redirect_uri=http%3A%2F%2Flocalhost%3A9005&scope=read%3Auser%20repo%20public_repo
[info] 
[info] Waiting for authentication...
[debug] [2021-12-02T20:20:30.623Z] >>> HTTP REQUEST POST https://github.com/login/oauth/access_token  
 {"client_id":"89cf50f02ac6aaed3484","client_secret":"3330d14abc895d9a74d5f17cd7a00711fa2c5bf0","code":"653f9e0df25c49300d04","redirect_uri":"http://localhost:9005","state":"141681471"}
[debug] [2021-12-02T20:20:30.944Z] <<< HTTP RESPONSE 200 {"server":"GitHub.com","date":"Thu, 02 Dec 2021 20:20:31 GMT","content-type":"application/json; charset=utf-8","transfer-encoding":"chunked","vary":"X-PJAX, X-PJAX-Container, Accept-Encoding, Accept, X-Requested-With","permissions-policy":"interest-cohort=()","etag":"W/\"aa19ef3536b648e336d8e655b53c7de1\"","cache-control":"max-age=0, private, must-revalidate","strict-transport-security":"max-age=31536000; includeSubdomains; preload","x-frame-options":"deny","x-content-type-options":"nosniff","x-xss-protection":"0","referrer-policy":"origin-when-cross-origin, strict-origin-when-cross-origin","expect-ct":"max-age=2592000, report-uri=\"https://api.github.com/_private/browser/errors\"","content-security-policy":"default-src 'none'; base-uri 'self'; block-all-mixed-content; child-src github.com/assets-cdn/worker/ gist.github.com/assets-cdn/worker/; connect-src 'self' uploads.github.com objects-origin.githubusercontent.com www.githubstatus.com collector.githubapp.com api.github.com github-cloud.s3.amazonaws.com github-production-repository-file-5c1aeb.s3.amazonaws.com github-production-upload-manifest-file-7fdce7.s3.amazonaws.com github-production-user-asset-6210df.s3.amazonaws.com cdn.optimizely.com logx.optimizely.com/v1/events translator.github.com wss://alive.github.com; font-src github.githubassets.com; form-action 'self' github.com gist.github.com objects-origin.githubusercontent.com; frame-ancestors 'none'; frame-src render.githubusercontent.com viewscreen.githubusercontent.com notebooks.githubusercontent.com; img-src 'self' data: github.githubassets.com identicons.github.com collector.githubapp.com github-cloud.s3.amazonaws.com secured-user-images.githubusercontent.com/ *.githubusercontent.com; manifest-src 'self'; media-src github.com user-images.githubusercontent.com/; script-src github.githubassets.com; style-src 'unsafe-inline' github.githubassets.com; worker-src github.com/assets-cdn/worker/ gist.github.com/assets-cdn/worker/","x-github-request-id":"F098:4FF9:22383DC:42DB865:61A92A8F"}
[debug] [2021-12-02T20:20:30.947Z] >>> [apiv2][query] GET https://api.github.com/user [none]
[debug] [2021-12-02T20:20:31.279Z] <<< [apiv2][status] GET https://api.github.com/user 200
[debug] [2021-12-02T20:20:31.279Z] <<< [apiv2][body] GET https://api.github.com/user {"login":"jDelille","id":84540947,"node_id":"MDQ6VXNlcjg0NTQwOTQ3","avatar_url":"https://avatars.githubusercontent.com/u/84540947?v=4","gravatar_id":"","url":"https://api.github.com/users/jDelille","html_url":"https://github.com/jDelille","followers_url":"https://api.github.com/users/jDelille/followers","following_url":"https://api.github.com/users/jDelille/following{/other_user}","gists_url":"https://api.github.com/users/jDelille/gists{/gist_id}","starred_url":"https://api.github.com/users/jDelille/starred{/owner}{/repo}","subscriptions_url":"https://api.github.com/users/jDelille/subscriptions","organizations_url":"https://api.github.com/users/jDelille/orgs","repos_url":"https://api.github.com/users/jDelille/repos","events_url":"https://api.github.com/users/jDelille/events{/privacy}","received_events_url":"https://api.github.com/users/jDelille/received_events","type":"User","site_admin":false,"name":"Justin Delille","company":null,"blog":"","location":"Scottsdale, AZ","email":null,"hireable":null,"bio":null,"twitter_username":null,"public_repos":55,"public_gists":0,"followers":0,"following":0,"created_at":"2021-05-20T19:31:15Z","updated_at":"2021-11-02T16:29:31Z","private_gists":0,"total_private_repos":0,"owned_private_repos":0,"disk_usage":7697,"collaborators":0,"two_factor_authentication":false,"plan":{"name":"free","space":976562499,"collaborators":0,"private_repos":10000}}
[info] 
[info] +  Success! Logged into GitHub as jDelille 
[info] 
[debug] [2021-12-02T20:21:14.638Z] ----------------------------------------------------------------------
[debug] [2021-12-02T20:21:14.640Z] Command:       D:\node.exe C:\Users\justi\AppData\Roaming\npm\node_modules\firebase-tools\lib\bin\firebase.js init
[debug] [2021-12-02T20:21:14.641Z] CLI Version:   9.23.0
[debug] [2021-12-02T20:21:14.641Z] Platform:      win32
[debug] [2021-12-02T20:21:14.641Z] Node Version:  v14.17.0
[debug] [2021-12-02T20:21:14.642Z] Time:          Thu Dec 02 2021 13:21:14 GMT-0700 (Mountain Standard Time)
[debug] [2021-12-02T20:21:14.642Z] ----------------------------------------------------------------------
[debug] 
[debug] [2021-12-02T20:21:14.649Z] > command requires scopes: ["email","openid","https://www.googleapis.com/auth/cloudplatformprojects.readonly","https://www.googleapis.com/auth/firebase","https://www.googleapis.com/auth/cloud-platform"]
[debug] [2021-12-02T20:21:14.649Z] > authorizing via signed-in user (justind7513@gmail.com)
[info] 
     ######## #### ########  ######## ########     ###     ######  ########
     ##        ##  ##     ## ##       ##     ##  ##   ##  ##       ##
     ######    ##  ########  ######   ########  #########  ######  ######
     ##        ##  ##    ##  ##       ##     ## ##     ##       ## ##
     ##       #### ##     ## ######## ########  ##     ##  ######  ########

You're about to initialize a Firebase project in this directory:

  C:\Users\justi\OneDrive\Desktop\espn-sports-app\client

